[2024-09-02T04:32:50.028+0000] {manager.py:470} INFO - Processing files using up to 2 processes at a time 
[2024-09-02T04:32:50.028+0000] {manager.py:471} INFO - Process each file at most once every 30 seconds
[2024-09-02T04:32:50.029+0000] {manager.py:472} INFO - Checking for new files in /opt/airflow/dags every 300 seconds
[2024-09-02T04:32:50.029+0000] {manager.py:737} INFO - Searching for files in /opt/airflow/dags
[2024-09-02T04:32:50.031+0000] {manager.py:740} INFO - There are 1 files in /opt/airflow/dags
[2024-09-02T04:32:50.216+0000] {manager.py:878} INFO - 
================================================================================
DAG File Processing Stats

File Path                            PID  Runtime      # DAGs    # Errors  Last Runtime    Last Run
---------------------------------  -----  ---------  --------  ----------  --------------  ----------
/opt/airflow/dags/kafka_stream.py    209  0.08s             0           0
================================================================================
[2024-09-02T04:33:20.337+0000] {manager.py:878} INFO - 
================================================================================
DAG File Processing Stats

File Path                          PID    Runtime      # DAGs    # Errors  Last Runtime    Last Run
---------------------------------  -----  ---------  --------  ----------  --------------  -------------------
/opt/airflow/dags/kafka_stream.py                           1           0  0.27s           2024-09-02T04:32:50
================================================================================
[2024-09-02T04:33:50.675+0000] {manager.py:878} INFO - 
================================================================================
DAG File Processing Stats

File Path                            PID  Runtime      # DAGs    # Errors  Last Runtime    Last Run
---------------------------------  -----  ---------  --------  ----------  --------------  -------------------
/opt/airflow/dags/kafka_stream.py    230  0.01s             1           0  0.12s           2024-09-02T04:33:20
================================================================================
[2024-09-02T04:34:20.817+0000] {manager.py:878} INFO - 
================================================================================
DAG File Processing Stats

File Path                          PID    Runtime      # DAGs    # Errors  Last Runtime    Last Run
---------------------------------  -----  ---------  --------  ----------  --------------  -------------------
/opt/airflow/dags/kafka_stream.py                           1           0  0.35s           2024-09-02T04:33:51
================================================================================
[2024-09-02T04:34:51.207+0000] {manager.py:878} INFO - 
================================================================================
DAG File Processing Stats

File Path                          PID    Runtime      # DAGs    # Errors  Last Runtime    Last Run
---------------------------------  -----  ---------  --------  ----------  --------------  -------------------
/opt/airflow/dags/kafka_stream.py                           1           0  0.11s           2024-09-02T04:34:21
================================================================================
[2024-09-02T04:35:21.393+0000] {manager.py:878} INFO - 
================================================================================
DAG File Processing Stats

File Path                            PID  Runtime      # DAGs    # Errors  Last Runtime    Last Run
---------------------------------  -----  ---------  --------  ----------  --------------  -------------------
/opt/airflow/dags/kafka_stream.py    265  0.00s             1           0  0.09s           2024-09-02T04:34:51
================================================================================
[2024-09-02T04:35:51.580+0000] {manager.py:878} INFO - 
================================================================================
DAG File Processing Stats

File Path                            PID  Runtime      # DAGs    # Errors  Last Runtime    Last Run
---------------------------------  -----  ---------  --------  ----------  --------------  -------------------
/opt/airflow/dags/kafka_stream.py    277  0.01s             1           0  0.09s           2024-09-02T04:35:21
================================================================================
[2024-09-02T04:36:21.713+0000] {manager.py:878} INFO - 
================================================================================
DAG File Processing Stats

File Path                            PID  Runtime      # DAGs    # Errors  Last Runtime    Last Run
---------------------------------  -----  ---------  --------  ----------  --------------  -------------------
/opt/airflow/dags/kafka_stream.py    288  0.01s             1           0  0.13s           2024-09-02T04:35:51
================================================================================
[2024-09-02T04:36:51.876+0000] {manager.py:878} INFO - 
================================================================================
DAG File Processing Stats

File Path                          PID    Runtime      # DAGs    # Errors  Last Runtime    Last Run
---------------------------------  -----  ---------  --------  ----------  --------------  -------------------
/opt/airflow/dags/kafka_stream.py                           1           0  0.19s           2024-09-02T04:36:21
================================================================================
[2024-09-02T04:37:22.088+0000] {manager.py:878} INFO - 
================================================================================
DAG File Processing Stats

File Path                            PID  Runtime      # DAGs    # Errors  Last Runtime    Last Run
---------------------------------  -----  ---------  --------  ----------  --------------  -------------------
/opt/airflow/dags/kafka_stream.py    311  0.00s             1           0  0.10s           2024-09-02T04:36:52
================================================================================
[2024-09-02T04:37:50.237+0000] {manager.py:737} INFO - Searching for files in /opt/airflow/dags
[2024-09-02T04:37:50.238+0000] {manager.py:740} INFO - There are 1 files in /opt/airflow/dags
[2024-09-02T04:37:52.258+0000] {manager.py:878} INFO - 
================================================================================
DAG File Processing Stats

File Path                            PID  Runtime      # DAGs    # Errors  Last Runtime    Last Run
---------------------------------  -----  ---------  --------  ----------  --------------  -------------------
/opt/airflow/dags/kafka_stream.py    322  0.00s             1           0  0.10s           2024-09-02T04:37:22
================================================================================
[2024-09-02T04:38:22.442+0000] {manager.py:878} INFO - 
================================================================================
DAG File Processing Stats

File Path                          PID    Runtime      # DAGs    # Errors  Last Runtime    Last Run
---------------------------------  -----  ---------  --------  ----------  --------------  -------------------
/opt/airflow/dags/kafka_stream.py                           1           0  0.20s           2024-09-02T04:38:21
================================================================================
[2024-09-02T04:38:52.657+0000] {manager.py:878} INFO - 
================================================================================
DAG File Processing Stats

File Path                          PID    Runtime      # DAGs    # Errors  Last Runtime    Last Run
---------------------------------  -----  ---------  --------  ----------  --------------  -------------------
/opt/airflow/dags/kafka_stream.py                           1           0  0.09s           2024-09-02T04:38:51
================================================================================
[2024-09-02T04:39:22.828+0000] {manager.py:878} INFO - 
================================================================================
DAG File Processing Stats

File Path                          PID    Runtime      # DAGs    # Errors  Last Runtime    Last Run
---------------------------------  -----  ---------  --------  ----------  --------------  -------------------
/opt/airflow/dags/kafka_stream.py                           1           0  0.13s           2024-09-02T04:39:21
================================================================================
[2024-09-02T04:39:52.964+0000] {manager.py:878} INFO - 
================================================================================
DAG File Processing Stats

File Path                          PID    Runtime      # DAGs    # Errors  Last Runtime    Last Run
---------------------------------  -----  ---------  --------  ----------  --------------  -------------------
/opt/airflow/dags/kafka_stream.py                           1           0  0.10s           2024-09-02T04:39:52
================================================================================
[2024-09-02T04:40:23.113+0000] {manager.py:878} INFO - 
================================================================================
DAG File Processing Stats

File Path                          PID    Runtime      # DAGs    # Errors  Last Runtime    Last Run
---------------------------------  -----  ---------  --------  ----------  --------------  -------------------
/opt/airflow/dags/kafka_stream.py                           1           0  0.16s           2024-09-02T04:40:22
================================================================================
[2024-09-02T04:40:53.311+0000] {manager.py:878} INFO - 
================================================================================
DAG File Processing Stats

File Path                          PID    Runtime      # DAGs    # Errors  Last Runtime    Last Run
---------------------------------  -----  ---------  --------  ----------  --------------  -------------------
/opt/airflow/dags/kafka_stream.py                           1           0  0.09s           2024-09-02T04:40:52
================================================================================
[2024-09-02T04:41:23.472+0000] {manager.py:878} INFO - 
================================================================================
DAG File Processing Stats

File Path                          PID    Runtime      # DAGs    # Errors  Last Runtime    Last Run
---------------------------------  -----  ---------  --------  ----------  --------------  -------------------
/opt/airflow/dags/kafka_stream.py                           1           0  0.10s           2024-09-02T04:41:22
================================================================================
[2024-09-02T04:41:53.587+0000] {manager.py:878} INFO - 
================================================================================
DAG File Processing Stats

File Path                          PID    Runtime      # DAGs    # Errors  Last Runtime    Last Run
---------------------------------  -----  ---------  --------  ----------  --------------  -------------------
/opt/airflow/dags/kafka_stream.py                           1           0  0.10s           2024-09-02T04:41:52
================================================================================
[2024-09-02T04:42:23.746+0000] {manager.py:878} INFO - 
================================================================================
DAG File Processing Stats

File Path                          PID    Runtime      # DAGs    # Errors  Last Runtime    Last Run
---------------------------------  -----  ---------  --------  ----------  --------------  -------------------
/opt/airflow/dags/kafka_stream.py                           1           0  0.24s           2024-09-02T04:42:22
================================================================================
[2024-09-02T04:42:50.834+0000] {manager.py:737} INFO - Searching for files in /opt/airflow/dags
[2024-09-02T04:42:50.835+0000] {manager.py:740} INFO - There are 1 files in /opt/airflow/dags
[2024-09-02T04:42:54.023+0000] {manager.py:878} INFO - 
================================================================================
DAG File Processing Stats

File Path                          PID    Runtime      # DAGs    # Errors  Last Runtime    Last Run
---------------------------------  -----  ---------  --------  ----------  --------------  -------------------
/opt/airflow/dags/kafka_stream.py                           1           0  0.12s           2024-09-02T04:42:53
================================================================================
[2024-09-02T04:43:24.209+0000] {manager.py:878} INFO - 
================================================================================
DAG File Processing Stats

File Path                          PID    Runtime      # DAGs    # Errors  Last Runtime    Last Run
---------------------------------  -----  ---------  --------  ----------  --------------  -------------------
/opt/airflow/dags/kafka_stream.py                           1           0  0.10s           2024-09-02T04:43:23
================================================================================
[2024-09-02T04:43:54.391+0000] {manager.py:878} INFO - 
================================================================================
DAG File Processing Stats

File Path                          PID    Runtime      # DAGs    # Errors  Last Runtime    Last Run
---------------------------------  -----  ---------  --------  ----------  --------------  -------------------
/opt/airflow/dags/kafka_stream.py                           1           0  0.10s           2024-09-02T04:43:53
================================================================================
[2024-09-02T04:44:24.506+0000] {manager.py:878} INFO - 
================================================================================
DAG File Processing Stats

File Path                          PID    Runtime      # DAGs    # Errors  Last Runtime    Last Run
---------------------------------  -----  ---------  --------  ----------  --------------  -------------------
/opt/airflow/dags/kafka_stream.py                           1           0  0.13s           2024-09-02T04:44:23
================================================================================
[2024-09-02T04:44:54.716+0000] {manager.py:878} INFO - 
================================================================================
DAG File Processing Stats

File Path                          PID    Runtime      # DAGs    # Errors  Last Runtime    Last Run
---------------------------------  -----  ---------  --------  ----------  --------------  -------------------
/opt/airflow/dags/kafka_stream.py                           1           0  0.09s           2024-09-02T04:44:53
================================================================================
[2024-09-02T04:45:24.888+0000] {manager.py:878} INFO - 
================================================================================
DAG File Processing Stats

File Path                          PID    Runtime      # DAGs    # Errors  Last Runtime    Last Run
---------------------------------  -----  ---------  --------  ----------  --------------  -------------------
/opt/airflow/dags/kafka_stream.py                           1           0  0.11s           2024-09-02T04:45:23
================================================================================
[2024-09-02T04:45:55.006+0000] {manager.py:878} INFO - 
================================================================================
DAG File Processing Stats

File Path                          PID    Runtime      # DAGs    # Errors  Last Runtime    Last Run
---------------------------------  -----  ---------  --------  ----------  --------------  -------------------
/opt/airflow/dags/kafka_stream.py                           1           0  0.09s           2024-09-02T04:45:54
================================================================================
[2024-09-02T04:46:25.180+0000] {manager.py:878} INFO - 
================================================================================
DAG File Processing Stats

File Path                          PID    Runtime      # DAGs    # Errors  Last Runtime    Last Run
---------------------------------  -----  ---------  --------  ----------  --------------  -------------------
/opt/airflow/dags/kafka_stream.py                           1           0  0.17s           2024-09-02T04:46:24
================================================================================
[2024-09-02T04:46:55.362+0000] {manager.py:878} INFO - 
================================================================================
DAG File Processing Stats

File Path                          PID    Runtime      # DAGs    # Errors  Last Runtime    Last Run
---------------------------------  -----  ---------  --------  ----------  --------------  -------------------
/opt/airflow/dags/kafka_stream.py                           1           0  0.09s           2024-09-02T04:46:54
================================================================================
[2024-09-02T04:47:25.490+0000] {manager.py:878} INFO - 
================================================================================
DAG File Processing Stats

File Path                          PID    Runtime      # DAGs    # Errors  Last Runtime    Last Run
---------------------------------  -----  ---------  --------  ----------  --------------  -------------------
/opt/airflow/dags/kafka_stream.py                           1           0  0.11s           2024-09-02T04:47:24
================================================================================
[2024-09-02T04:47:51.576+0000] {manager.py:737} INFO - Searching for files in /opt/airflow/dags
[2024-09-02T04:47:51.578+0000] {manager.py:740} INFO - There are 1 files in /opt/airflow/dags
[2024-09-02T04:47:55.683+0000] {manager.py:878} INFO - 
================================================================================
DAG File Processing Stats

File Path                          PID    Runtime      # DAGs    # Errors  Last Runtime    Last Run
---------------------------------  -----  ---------  --------  ----------  --------------  -------------------
/opt/airflow/dags/kafka_stream.py                           1           0  0.09s           2024-09-02T04:47:54
================================================================================
[2024-09-02T04:48:25.803+0000] {manager.py:878} INFO - 
================================================================================
DAG File Processing Stats

File Path                          PID    Runtime      # DAGs    # Errors  Last Runtime    Last Run
---------------------------------  -----  ---------  --------  ----------  --------------  -------------------
/opt/airflow/dags/kafka_stream.py                           1           0  0.31s           2024-09-02T04:48:25
================================================================================
[2024-09-02T04:48:56.177+0000] {manager.py:878} INFO - 
================================================================================
DAG File Processing Stats

File Path                          PID    Runtime      # DAGs    # Errors  Last Runtime    Last Run
---------------------------------  -----  ---------  --------  ----------  --------------  -------------------
/opt/airflow/dags/kafka_stream.py                           1           0  0.15s           2024-09-02T04:48:55
================================================================================
[2024-09-02T04:49:26.413+0000] {manager.py:878} INFO - 
================================================================================
DAG File Processing Stats

File Path                          PID    Runtime      # DAGs    # Errors  Last Runtime    Last Run
---------------------------------  -----  ---------  --------  ----------  --------------  -------------------
/opt/airflow/dags/kafka_stream.py                           1           0  0.14s           2024-09-02T04:49:25
================================================================================
[2024-09-02T04:49:56.631+0000] {manager.py:878} INFO - 
================================================================================
DAG File Processing Stats

File Path                          PID    Runtime      # DAGs    # Errors  Last Runtime    Last Run
---------------------------------  -----  ---------  --------  ----------  --------------  -------------------
/opt/airflow/dags/kafka_stream.py                           1           0  0.10s           2024-09-02T04:49:55
================================================================================
[2024-09-02T04:50:26.802+0000] {manager.py:878} INFO - 
================================================================================
DAG File Processing Stats

File Path                          PID    Runtime      # DAGs    # Errors  Last Runtime    Last Run
---------------------------------  -----  ---------  --------  ----------  --------------  -------------------
/opt/airflow/dags/kafka_stream.py                           1           0  0.10s           2024-09-02T04:50:25
================================================================================
[2024-09-02T04:50:56.909+0000] {manager.py:878} INFO - 
================================================================================
DAG File Processing Stats

File Path                          PID    Runtime      # DAGs    # Errors  Last Runtime    Last Run
---------------------------------  -----  ---------  --------  ----------  --------------  -------------------
/opt/airflow/dags/kafka_stream.py                           1           0  0.10s           2024-09-02T04:50:55
================================================================================
[2024-09-02T04:51:27.074+0000] {manager.py:878} INFO - 
================================================================================
DAG File Processing Stats

File Path                          PID    Runtime      # DAGs    # Errors  Last Runtime    Last Run
---------------------------------  -----  ---------  --------  ----------  --------------  -------------------
/opt/airflow/dags/kafka_stream.py                           1           0  0.09s           2024-09-02T04:51:26
================================================================================
[2024-09-02T04:51:57.178+0000] {manager.py:878} INFO - 
================================================================================
DAG File Processing Stats

File Path                          PID    Runtime      # DAGs    # Errors  Last Runtime    Last Run
---------------------------------  -----  ---------  --------  ----------  --------------  -------------------
/opt/airflow/dags/kafka_stream.py                           1           0  0.09s           2024-09-02T04:51:56
================================================================================
[2024-09-02T04:52:27.334+0000] {manager.py:878} INFO - 
================================================================================
DAG File Processing Stats

File Path                          PID    Runtime      # DAGs    # Errors  Last Runtime    Last Run
---------------------------------  -----  ---------  --------  ----------  --------------  -------------------
/opt/airflow/dags/kafka_stream.py                           1           0  0.12s           2024-09-02T04:52:26
================================================================================
[2024-09-02T04:52:52.417+0000] {manager.py:737} INFO - Searching for files in /opt/airflow/dags
[2024-09-02T04:52:52.418+0000] {manager.py:740} INFO - There are 1 files in /opt/airflow/dags
[2024-09-02T04:52:57.525+0000] {manager.py:878} INFO - 
================================================================================
DAG File Processing Stats

File Path                          PID    Runtime      # DAGs    # Errors  Last Runtime    Last Run
---------------------------------  -----  ---------  --------  ----------  --------------  -------------------
/opt/airflow/dags/kafka_stream.py                           1           0  0.10s           2024-09-02T04:52:56
================================================================================
[2024-09-02T04:53:27.646+0000] {manager.py:878} INFO - 
================================================================================
DAG File Processing Stats

File Path                          PID    Runtime      # DAGs    # Errors  Last Runtime    Last Run
---------------------------------  -----  ---------  --------  ----------  --------------  -------------------
/opt/airflow/dags/kafka_stream.py                           1           0  0.20s           2024-09-02T04:53:26
================================================================================
[2024-09-02T04:53:57.915+0000] {manager.py:878} INFO - 
================================================================================
DAG File Processing Stats

File Path                          PID    Runtime      # DAGs    # Errors  Last Runtime    Last Run
---------------------------------  -----  ---------  --------  ----------  --------------  -------------------
/opt/airflow/dags/kafka_stream.py                           1           0  0.21s           2024-09-02T04:53:57
================================================================================
[2024-09-02T04:54:28.233+0000] {manager.py:878} INFO - 
================================================================================
DAG File Processing Stats

File Path                          PID    Runtime      # DAGs    # Errors  Last Runtime    Last Run
---------------------------------  -----  ---------  --------  ----------  --------------  -------------------
/opt/airflow/dags/kafka_stream.py                           1           0  0.19s           2024-09-02T04:54:27
================================================================================
[2024-09-02T04:54:58.546+0000] {manager.py:878} INFO - 
================================================================================
DAG File Processing Stats

File Path                          PID    Runtime      # DAGs    # Errors  Last Runtime    Last Run
---------------------------------  -----  ---------  --------  ----------  --------------  -------------------
/opt/airflow/dags/kafka_stream.py                           1           0  0.16s           2024-09-02T04:54:57
================================================================================
[2024-09-02T04:55:28.787+0000] {manager.py:878} INFO - 
================================================================================
DAG File Processing Stats

File Path                          PID    Runtime      # DAGs    # Errors  Last Runtime    Last Run
---------------------------------  -----  ---------  --------  ----------  --------------  -------------------
/opt/airflow/dags/kafka_stream.py                           1           0  0.10s           2024-09-02T04:55:27
================================================================================
[2024-09-02T04:55:58.958+0000] {manager.py:878} INFO - 
================================================================================
DAG File Processing Stats

File Path                          PID    Runtime      # DAGs    # Errors  Last Runtime    Last Run
---------------------------------  -----  ---------  --------  ----------  --------------  -------------------
/opt/airflow/dags/kafka_stream.py                           1           0  0.11s           2024-09-02T04:55:57
================================================================================
[2024-09-02T04:56:29.102+0000] {manager.py:878} INFO - 
================================================================================
DAG File Processing Stats

File Path                          PID    Runtime      # DAGs    # Errors  Last Runtime    Last Run
---------------------------------  -----  ---------  --------  ----------  --------------  -------------------
/opt/airflow/dags/kafka_stream.py                           1           0  0.46s           2024-09-02T04:56:28
================================================================================
[2024-09-02T04:56:59.645+0000] {manager.py:878} INFO - 
================================================================================
DAG File Processing Stats

File Path                          PID    Runtime      # DAGs    # Errors  Last Runtime    Last Run
---------------------------------  -----  ---------  --------  ----------  --------------  -------------------
/opt/airflow/dags/kafka_stream.py                           1           0  0.19s           2024-09-02T04:56:58
================================================================================
[2024-09-02T04:57:29.994+0000] {manager.py:878} INFO - 
================================================================================
DAG File Processing Stats

File Path                          PID    Runtime      # DAGs    # Errors  Last Runtime    Last Run
---------------------------------  -----  ---------  --------  ----------  --------------  -------------------
/opt/airflow/dags/kafka_stream.py                           1           0  0.15s           2024-09-02T04:57:29
================================================================================
[2024-09-02T04:57:53.073+0000] {manager.py:737} INFO - Searching for files in /opt/airflow/dags
[2024-09-02T04:57:53.074+0000] {manager.py:740} INFO - There are 1 files in /opt/airflow/dags
[2024-09-02T04:58:00.246+0000] {manager.py:878} INFO - 
================================================================================
DAG File Processing Stats

File Path                          PID    Runtime      # DAGs    # Errors  Last Runtime    Last Run
---------------------------------  -----  ---------  --------  ----------  --------------  -------------------
/opt/airflow/dags/kafka_stream.py                           1           0  0.16s           2024-09-02T04:57:59
================================================================================
[2024-09-02T04:58:30.484+0000] {manager.py:878} INFO - 
================================================================================
DAG File Processing Stats

File Path                          PID    Runtime      # DAGs    # Errors  Last Runtime    Last Run
---------------------------------  -----  ---------  --------  ----------  --------------  -------------------
/opt/airflow/dags/kafka_stream.py                           1           0  0.12s           2024-09-02T04:58:29
================================================================================
[2024-09-02T04:59:00.695+0000] {manager.py:878} INFO - 
================================================================================
DAG File Processing Stats

File Path                          PID    Runtime      # DAGs    # Errors  Last Runtime    Last Run
---------------------------------  -----  ---------  --------  ----------  --------------  -------------------
/opt/airflow/dags/kafka_stream.py                           1           0  0.15s           2024-09-02T04:58:59
================================================================================
[2024-09-02T04:59:30.938+0000] {manager.py:878} INFO - 
================================================================================
DAG File Processing Stats

File Path                          PID    Runtime      # DAGs    # Errors  Last Runtime    Last Run
---------------------------------  -----  ---------  --------  ----------  --------------  -------------------
/opt/airflow/dags/kafka_stream.py                           1           0  0.11s           2024-09-02T04:59:30
================================================================================
[2024-09-02T05:00:01.144+0000] {manager.py:878} INFO - 
================================================================================
DAG File Processing Stats

File Path                          PID    Runtime      # DAGs    # Errors  Last Runtime    Last Run
---------------------------------  -----  ---------  --------  ----------  --------------  -------------------
/opt/airflow/dags/kafka_stream.py                           1           0  0.39s           2024-09-02T05:00:00
================================================================================
[2024-09-02T05:00:31.637+0000] {manager.py:878} INFO - 
================================================================================
DAG File Processing Stats

File Path                          PID    Runtime      # DAGs    # Errors  Last Runtime    Last Run
---------------------------------  -----  ---------  --------  ----------  --------------  -------------------
/opt/airflow/dags/kafka_stream.py                           1           0  0.11s           2024-09-02T05:00:30
================================================================================
[2024-09-02T05:01:01.826+0000] {manager.py:878} INFO - 
================================================================================
DAG File Processing Stats

File Path                          PID    Runtime      # DAGs    # Errors  Last Runtime    Last Run
---------------------------------  -----  ---------  --------  ----------  --------------  -------------------
/opt/airflow/dags/kafka_stream.py                           1           0  0.10s           2024-09-02T05:01:00
================================================================================
[2024-09-02T05:01:31.932+0000] {manager.py:878} INFO - 
================================================================================
DAG File Processing Stats

File Path                          PID    Runtime      # DAGs    # Errors  Last Runtime    Last Run
---------------------------------  -----  ---------  --------  ----------  --------------  -------------------
/opt/airflow/dags/kafka_stream.py                           1           0  0.10s           2024-09-02T05:01:31
================================================================================
[2024-09-02T05:02:02.103+0000] {manager.py:878} INFO - 
================================================================================
DAG File Processing Stats

File Path                          PID    Runtime      # DAGs    # Errors  Last Runtime    Last Run
---------------------------------  -----  ---------  --------  ----------  --------------  -------------------
/opt/airflow/dags/kafka_stream.py                           1           0  0.11s           2024-09-02T05:02:01
================================================================================
[2024-09-02T05:02:32.215+0000] {manager.py:878} INFO - 
================================================================================
DAG File Processing Stats

File Path                          PID    Runtime      # DAGs    # Errors  Last Runtime    Last Run
---------------------------------  -----  ---------  --------  ----------  --------------  -------------------
/opt/airflow/dags/kafka_stream.py                           1           0  0.10s           2024-09-02T05:02:31
================================================================================
[2024-09-02T05:02:53.304+0000] {manager.py:737} INFO - Searching for files in /opt/airflow/dags
[2024-09-02T05:02:53.305+0000] {manager.py:740} INFO - There are 1 files in /opt/airflow/dags
[2024-09-02T05:03:02.379+0000] {manager.py:878} INFO - 
================================================================================
DAG File Processing Stats

File Path                          PID    Runtime      # DAGs    # Errors  Last Runtime    Last Run
---------------------------------  -----  ---------  --------  ----------  --------------  -------------------
/opt/airflow/dags/kafka_stream.py                           1           0  0.10s           2024-09-02T05:03:01
================================================================================
[2024-09-02T05:03:32.514+0000] {manager.py:878} INFO - 
================================================================================
DAG File Processing Stats

File Path                          PID    Runtime      # DAGs    # Errors  Last Runtime    Last Run
---------------------------------  -----  ---------  --------  ----------  --------------  -------------------
/opt/airflow/dags/kafka_stream.py                           1           0  0.11s           2024-09-02T05:03:31
================================================================================
[2024-09-02T05:04:02.682+0000] {manager.py:878} INFO - 
================================================================================
DAG File Processing Stats

File Path                          PID    Runtime      # DAGs    # Errors  Last Runtime    Last Run
---------------------------------  -----  ---------  --------  ----------  --------------  -------------------
/opt/airflow/dags/kafka_stream.py                           1           0  0.11s           2024-09-02T05:04:01
================================================================================
[2024-09-02T05:04:32.792+0000] {manager.py:878} INFO - 
================================================================================
DAG File Processing Stats

File Path                          PID    Runtime      # DAGs    # Errors  Last Runtime    Last Run
---------------------------------  -----  ---------  --------  ----------  --------------  -------------------
/opt/airflow/dags/kafka_stream.py                           1           0  0.10s           2024-09-02T05:04:31
================================================================================
[2024-09-02T05:05:02.967+0000] {manager.py:878} INFO - 
================================================================================
DAG File Processing Stats

File Path                          PID    Runtime      # DAGs    # Errors  Last Runtime    Last Run
---------------------------------  -----  ---------  --------  ----------  --------------  -------------------
/opt/airflow/dags/kafka_stream.py                           1           0  0.10s           2024-09-02T05:05:01
================================================================================
[2024-09-02T05:05:33.082+0000] {manager.py:878} INFO - 
================================================================================
DAG File Processing Stats

File Path                          PID    Runtime      # DAGs    # Errors  Last Runtime    Last Run
---------------------------------  -----  ---------  --------  ----------  --------------  -------------------
/opt/airflow/dags/kafka_stream.py                           1           0  0.15s           2024-09-02T05:05:32
================================================================================
[2024-09-02T05:06:03.312+0000] {manager.py:878} INFO - 
================================================================================
DAG File Processing Stats

File Path                          PID    Runtime      # DAGs    # Errors  Last Runtime    Last Run
---------------------------------  -----  ---------  --------  ----------  --------------  -------------------
/opt/airflow/dags/kafka_stream.py                           1           0  0.10s           2024-09-02T05:06:02
================================================================================
[2024-09-02T05:06:33.475+0000] {manager.py:878} INFO - 
================================================================================
DAG File Processing Stats

File Path                          PID    Runtime      # DAGs    # Errors  Last Runtime    Last Run
---------------------------------  -----  ---------  --------  ----------  --------------  -------------------
/opt/airflow/dags/kafka_stream.py                           1           0  0.11s           2024-09-02T05:06:32
================================================================================
[2024-09-02T05:07:03.593+0000] {manager.py:878} INFO - 
================================================================================
DAG File Processing Stats

File Path                          PID    Runtime      # DAGs    # Errors  Last Runtime    Last Run
---------------------------------  -----  ---------  --------  ----------  --------------  -------------------
/opt/airflow/dags/kafka_stream.py                           1           0  0.10s           2024-09-02T05:07:02
================================================================================
[2024-09-02T05:07:33.761+0000] {manager.py:878} INFO - 
================================================================================
DAG File Processing Stats

File Path                          PID    Runtime      # DAGs    # Errors  Last Runtime    Last Run
---------------------------------  -----  ---------  --------  ----------  --------------  -------------------
/opt/airflow/dags/kafka_stream.py                           1           0  0.14s           2024-09-02T05:07:32
================================================================================
[2024-09-02T05:07:53.827+0000] {manager.py:737} INFO - Searching for files in /opt/airflow/dags
[2024-09-02T05:07:53.828+0000] {manager.py:740} INFO - There are 1 files in /opt/airflow/dags
[2024-09-02T05:08:03.919+0000] {manager.py:878} INFO - 
================================================================================
DAG File Processing Stats

File Path                          PID    Runtime      # DAGs    # Errors  Last Runtime    Last Run
---------------------------------  -----  ---------  --------  ----------  --------------  -------------------
/opt/airflow/dags/kafka_stream.py                           1           0  0.10s           2024-09-02T05:08:02
================================================================================
[2024-09-02T05:08:34.042+0000] {manager.py:878} INFO - 
================================================================================
DAG File Processing Stats

File Path                          PID    Runtime      # DAGs    # Errors  Last Runtime    Last Run
---------------------------------  -----  ---------  --------  ----------  --------------  -------------------
/opt/airflow/dags/kafka_stream.py                           1           0  0.10s           2024-09-02T05:08:33
================================================================================
[2024-09-02T05:09:04.203+0000] {manager.py:878} INFO - 
================================================================================
DAG File Processing Stats

File Path                          PID    Runtime      # DAGs    # Errors  Last Runtime    Last Run
---------------------------------  -----  ---------  --------  ----------  --------------  -------------------
/opt/airflow/dags/kafka_stream.py                           1           0  0.11s           2024-09-02T05:09:03
================================================================================
[2024-09-02T05:09:34.329+0000] {manager.py:878} INFO - 
================================================================================
DAG File Processing Stats

File Path                          PID    Runtime      # DAGs    # Errors  Last Runtime    Last Run
---------------------------------  -----  ---------  --------  ----------  --------------  -------------------
/opt/airflow/dags/kafka_stream.py                           1           0  0.10s           2024-09-02T05:09:33
================================================================================
[2024-09-02T05:10:04.495+0000] {manager.py:878} INFO - 
================================================================================
DAG File Processing Stats

File Path                          PID    Runtime      # DAGs    # Errors  Last Runtime    Last Run
---------------------------------  -----  ---------  --------  ----------  --------------  -------------------
/opt/airflow/dags/kafka_stream.py                           1           0  0.12s           2024-09-02T05:10:03
================================================================================
[2024-09-02T05:10:34.645+0000] {manager.py:878} INFO - 
================================================================================
DAG File Processing Stats

File Path                          PID    Runtime      # DAGs    # Errors  Last Runtime    Last Run
---------------------------------  -----  ---------  --------  ----------  --------------  -------------------
/opt/airflow/dags/kafka_stream.py                           1           0  0.14s           2024-09-02T05:10:33
================================================================================
[2024-09-02T05:11:04.830+0000] {manager.py:878} INFO - 
================================================================================
DAG File Processing Stats

File Path                          PID    Runtime      # DAGs    # Errors  Last Runtime    Last Run
---------------------------------  -----  ---------  --------  ----------  --------------  -------------------
/opt/airflow/dags/kafka_stream.py                           1           0  0.12s           2024-09-02T05:11:03
================================================================================
[2024-09-02T05:11:35.061+0000] {manager.py:878} INFO - 
================================================================================
DAG File Processing Stats

File Path                          PID    Runtime      # DAGs    # Errors  Last Runtime    Last Run
---------------------------------  -----  ---------  --------  ----------  --------------  -------------------
/opt/airflow/dags/kafka_stream.py                           1           0  0.12s           2024-09-02T05:11:34
================================================================================
[2024-09-02T05:12:05.256+0000] {manager.py:878} INFO - 
================================================================================
DAG File Processing Stats

File Path                          PID    Runtime      # DAGs    # Errors  Last Runtime    Last Run
---------------------------------  -----  ---------  --------  ----------  --------------  -------------------
/opt/airflow/dags/kafka_stream.py                           1           0  0.21s           2024-09-02T05:12:04
================================================================================
[2024-09-02T05:12:35.546+0000] {manager.py:878} INFO - 
================================================================================
DAG File Processing Stats

File Path                          PID    Runtime      # DAGs    # Errors  Last Runtime    Last Run
---------------------------------  -----  ---------  --------  ----------  --------------  -------------------
/opt/airflow/dags/kafka_stream.py                           1           0  0.10s           2024-09-02T05:12:34
================================================================================
[2024-09-02T05:12:54.612+0000] {manager.py:737} INFO - Searching for files in /opt/airflow/dags
[2024-09-02T05:12:54.613+0000] {manager.py:740} INFO - There are 1 files in /opt/airflow/dags
[2024-09-02T05:13:05.726+0000] {manager.py:878} INFO - 
================================================================================
DAG File Processing Stats

File Path                          PID    Runtime      # DAGs    # Errors  Last Runtime    Last Run
---------------------------------  -----  ---------  --------  ----------  --------------  -------------------
/opt/airflow/dags/kafka_stream.py                           1           0  0.10s           2024-09-02T05:13:04
================================================================================
[2024-09-02T05:13:35.844+0000] {manager.py:878} INFO - 
================================================================================
DAG File Processing Stats

File Path                          PID    Runtime      # DAGs    # Errors  Last Runtime    Last Run
---------------------------------  -----  ---------  --------  ----------  --------------  -------------------
/opt/airflow/dags/kafka_stream.py                           1           0  0.12s           2024-09-02T05:13:34
================================================================================
[2024-09-02T05:14:06.037+0000] {manager.py:878} INFO - 
================================================================================
DAG File Processing Stats

File Path                          PID    Runtime      # DAGs    # Errors  Last Runtime    Last Run
---------------------------------  -----  ---------  --------  ----------  --------------  -------------------
/opt/airflow/dags/kafka_stream.py                           1           0  0.10s           2024-09-02T05:14:05
================================================================================
[2024-09-02T05:14:36.147+0000] {manager.py:878} INFO - 
================================================================================
DAG File Processing Stats

File Path                          PID    Runtime      # DAGs    # Errors  Last Runtime    Last Run
---------------------------------  -----  ---------  --------  ----------  --------------  -------------------
/opt/airflow/dags/kafka_stream.py                           1           0  0.10s           2024-09-02T05:14:35
================================================================================
[2024-09-02T05:15:06.319+0000] {manager.py:878} INFO - 
================================================================================
DAG File Processing Stats

File Path                          PID    Runtime      # DAGs    # Errors  Last Runtime    Last Run
---------------------------------  -----  ---------  --------  ----------  --------------  -------------------
/opt/airflow/dags/kafka_stream.py                           1           0  0.10s           2024-09-02T05:15:05
================================================================================
[2024-09-02T05:15:36.430+0000] {manager.py:878} INFO - 
================================================================================
DAG File Processing Stats

File Path                          PID    Runtime      # DAGs    # Errors  Last Runtime    Last Run
---------------------------------  -----  ---------  --------  ----------  --------------  -------------------
/opt/airflow/dags/kafka_stream.py                           1           0  0.10s           2024-09-02T05:15:35
================================================================================
[2024-09-02T05:16:06.627+0000] {manager.py:878} INFO - 
================================================================================
DAG File Processing Stats

File Path                          PID    Runtime      # DAGs    # Errors  Last Runtime    Last Run
---------------------------------  -----  ---------  --------  ----------  --------------  -------------------
/opt/airflow/dags/kafka_stream.py                           1           0  0.11s           2024-09-02T05:16:05
================================================================================
[2024-09-02T05:16:36.741+0000] {manager.py:878} INFO - 
================================================================================
DAG File Processing Stats

File Path                          PID    Runtime      # DAGs    # Errors  Last Runtime    Last Run
---------------------------------  -----  ---------  --------  ----------  --------------  -------------------
/opt/airflow/dags/kafka_stream.py                           1           0  0.09s           2024-09-02T05:16:35
================================================================================
[2024-09-02T05:17:06.907+0000] {manager.py:878} INFO - 
================================================================================
DAG File Processing Stats

File Path                          PID    Runtime      # DAGs    # Errors  Last Runtime    Last Run
---------------------------------  -----  ---------  --------  ----------  --------------  -------------------
/opt/airflow/dags/kafka_stream.py                           1           0  0.10s           2024-09-02T05:17:05
================================================================================
[2024-09-02T05:17:37.024+0000] {manager.py:878} INFO - 
================================================================================
DAG File Processing Stats

File Path                          PID    Runtime      # DAGs    # Errors  Last Runtime    Last Run
---------------------------------  -----  ---------  --------  ----------  --------------  -------------------
/opt/airflow/dags/kafka_stream.py                           1           0  0.23s           2024-09-02T05:17:36
================================================================================
[2024-09-02T05:17:55.083+0000] {manager.py:737} INFO - Searching for files in /opt/airflow/dags
[2024-09-02T05:17:55.085+0000] {manager.py:740} INFO - There are 1 files in /opt/airflow/dags
[2024-09-02T05:18:07.331+0000] {manager.py:878} INFO - 
================================================================================
DAG File Processing Stats

File Path                          PID    Runtime      # DAGs    # Errors  Last Runtime    Last Run
---------------------------------  -----  ---------  --------  ----------  --------------  -------------------
/opt/airflow/dags/kafka_stream.py                           1           0  0.11s           2024-09-02T05:18:06
================================================================================
[2024-09-02T05:18:37.517+0000] {manager.py:878} INFO - 
================================================================================
DAG File Processing Stats

File Path                          PID    Runtime      # DAGs    # Errors  Last Runtime    Last Run
---------------------------------  -----  ---------  --------  ----------  --------------  -------------------
/opt/airflow/dags/kafka_stream.py                           1           0  0.18s           2024-09-02T05:18:36
================================================================================
[2024-09-02T05:19:07.714+0000] {manager.py:878} INFO - 
================================================================================
DAG File Processing Stats

File Path                          PID    Runtime      # DAGs    # Errors  Last Runtime    Last Run
---------------------------------  -----  ---------  --------  ----------  --------------  -------------------
/opt/airflow/dags/kafka_stream.py                           1           0  0.10s           2024-09-02T05:19:06
================================================================================
[2024-09-02T05:19:37.821+0000] {manager.py:878} INFO - 
================================================================================
DAG File Processing Stats

File Path                          PID    Runtime      # DAGs    # Errors  Last Runtime    Last Run
---------------------------------  -----  ---------  --------  ----------  --------------  -------------------
/opt/airflow/dags/kafka_stream.py                           1           0  0.10s           2024-09-02T05:19:36
================================================================================
[2024-09-02T05:20:07.985+0000] {manager.py:878} INFO - 
================================================================================
DAG File Processing Stats

File Path                          PID    Runtime      # DAGs    # Errors  Last Runtime    Last Run
---------------------------------  -----  ---------  --------  ----------  --------------  -------------------
/opt/airflow/dags/kafka_stream.py                           1           0  0.10s           2024-09-02T05:20:07
================================================================================
[2024-09-02T05:20:38.106+0000] {manager.py:878} INFO - 
================================================================================
DAG File Processing Stats

File Path                          PID    Runtime      # DAGs    # Errors  Last Runtime    Last Run
---------------------------------  -----  ---------  --------  ----------  --------------  -------------------
/opt/airflow/dags/kafka_stream.py                           1           0  0.12s           2024-09-02T05:20:37
================================================================================
[2024-09-02T05:21:08.302+0000] {manager.py:878} INFO - 
================================================================================
DAG File Processing Stats

File Path                          PID    Runtime      # DAGs    # Errors  Last Runtime    Last Run
---------------------------------  -----  ---------  --------  ----------  --------------  -------------------
/opt/airflow/dags/kafka_stream.py                           1           0  0.10s           2024-09-02T05:21:07
================================================================================
[2024-09-02T05:21:38.473+0000] {manager.py:878} INFO - 
================================================================================
DAG File Processing Stats

File Path                          PID    Runtime      # DAGs    # Errors  Last Runtime    Last Run
---------------------------------  -----  ---------  --------  ----------  --------------  -------------------
/opt/airflow/dags/kafka_stream.py                           1           0  0.10s           2024-09-02T05:21:37
================================================================================
[2024-09-02T05:22:08.587+0000] {manager.py:878} INFO - 
================================================================================
DAG File Processing Stats

File Path                          PID    Runtime      # DAGs    # Errors  Last Runtime    Last Run
---------------------------------  -----  ---------  --------  ----------  --------------  -------------------
/opt/airflow/dags/kafka_stream.py                           1           0  0.10s           2024-09-02T05:22:07
================================================================================
[2024-09-02T05:22:38.752+0000] {manager.py:878} INFO - 
================================================================================
DAG File Processing Stats

File Path                          PID    Runtime      # DAGs    # Errors  Last Runtime    Last Run
---------------------------------  -----  ---------  --------  ----------  --------------  -------------------
/opt/airflow/dags/kafka_stream.py                           1           0  0.11s           2024-09-02T05:22:37
================================================================================
[2024-09-02T05:22:55.812+0000] {manager.py:737} INFO - Searching for files in /opt/airflow/dags
[2024-09-02T05:22:55.813+0000] {manager.py:740} INFO - There are 1 files in /opt/airflow/dags
[2024-09-02T05:23:08.887+0000] {manager.py:878} INFO - 
================================================================================
DAG File Processing Stats

File Path                          PID    Runtime      # DAGs    # Errors  Last Runtime    Last Run
---------------------------------  -----  ---------  --------  ----------  --------------  -------------------
/opt/airflow/dags/kafka_stream.py                           1           0  0.10s           2024-09-02T05:23:07
================================================================================
[2024-09-02T05:23:39.040+0000] {manager.py:878} INFO - 
================================================================================
DAG File Processing Stats

File Path                          PID    Runtime      # DAGs    # Errors  Last Runtime    Last Run
---------------------------------  -----  ---------  --------  ----------  --------------  -------------------
/opt/airflow/dags/kafka_stream.py                           1           0  0.10s           2024-09-02T05:23:38
================================================================================
[2024-09-02T05:24:09.177+0000] {manager.py:878} INFO - 
================================================================================
DAG File Processing Stats

File Path                          PID    Runtime      # DAGs    # Errors  Last Runtime    Last Run
---------------------------------  -----  ---------  --------  ----------  --------------  -------------------
/opt/airflow/dags/kafka_stream.py                           1           0  0.10s           2024-09-02T05:24:08
================================================================================
[2024-09-02T05:24:39.334+0000] {manager.py:878} INFO - 
================================================================================
DAG File Processing Stats

File Path                          PID    Runtime      # DAGs    # Errors  Last Runtime    Last Run
---------------------------------  -----  ---------  --------  ----------  --------------  -------------------
/opt/airflow/dags/kafka_stream.py                           1           0  0.15s           2024-09-02T05:24:38
================================================================================
[2024-09-02T05:25:09.509+0000] {manager.py:878} INFO - 
================================================================================
DAG File Processing Stats

File Path                          PID    Runtime      # DAGs    # Errors  Last Runtime    Last Run
---------------------------------  -----  ---------  --------  ----------  --------------  -------------------
/opt/airflow/dags/kafka_stream.py                           1           0  0.17s           2024-09-02T05:25:08
================================================================================
[2024-09-02T05:25:39.683+0000] {manager.py:878} INFO - 
================================================================================
DAG File Processing Stats

File Path                          PID    Runtime      # DAGs    # Errors  Last Runtime    Last Run
---------------------------------  -----  ---------  --------  ----------  --------------  -------------------
/opt/airflow/dags/kafka_stream.py                           1           0  0.10s           2024-09-02T05:25:38
================================================================================
[2024-09-02T05:25:55.354+0000] {manager.py:452} INFO - Exiting gracefully upon receiving signal 15
